<?xml version="1.0" encoding="UTF-8"?>
<!-- Generated by org.testng.reporters.JUnitReportReporter -->
<testsuite hostname="RENTAL-059" failures="0" tests="1" name="testcases.ClassMain" time="45.474" errors="0" timestamp="2021-09-20T17:16:21 IST" skipped="0">
  <testcase classname="testcases.ClassMain" name="Launch" time="45.474"/>
  <system-out/>
</testsuite> <!-- testcases.ClassMain -->
