<?xml version="1.0" encoding="UTF-8"?>
<!-- Generated by org.testng.reporters.JUnitReportReporter -->
<testsuite hostname="RENTAL-059" failures="0" tests="1" name="testcases.ClassMain" time="44.496" errors="0" timestamp="2021-09-20T17:09:27 IST" skipped="0">
  <testcase classname="testcases.ClassMain" name="Launch" time="44.496"/>
  <system-out/>
</testsuite> <!-- testcases.ClassMain -->
